<?xml version="1.0" encoding="UTF-8"?>
<testng-results ignored="0" total="1" passed="1" failed="0" skipped="0">
  <reporter-output>
  </reporter-output>
  <suite started-at="2023-07-06T06:43:31 IST" name="Default suite" finished-at="2023-07-06T06:43:55 IST" duration-ms="23556">
    <groups>
      <group name="cucumber">
        <method signature="AbstractTestNGCucumberTests.runScenario(io.cucumber.testng.PickleWrapper,io.cucumber.testng.FeatureWrapper)[pri:0, instance:step_definitions.TestRunner@72035809]" name="runScenario" class="io.cucumber.testng.AbstractTestNGCucumberTests"/>
      </group> <!-- cucumber -->
    </groups>
    <test started-at="2023-07-06T06:43:31 IST" name="Default test" finished-at="2023-07-06T06:43:55 IST" duration-ms="23556">
      <class name="step_definitions.TestRunner">
        <test-method is-config="true" signature="setUpClass(org.testng.ITestContext)[pri:0, instance:step_definitions.TestRunner@72035809]" started-at="2023-07-06T06:43:32 IST" name="setUpClass" finished-at="2023-07-06T06:43:33 IST" duration-ms="1274" status="PASS">
          <params>
            <param index="0">
              <value>
                <![CDATA[org.testng.TestRunner@f425231]]>
              </value>
            </param>
          </params>
          <reporter-output>
          </reporter-output>
        </test-method> <!-- setUpClass -->
        <test-method signature="runScenario(io.cucumber.testng.PickleWrapper,io.cucumber.testng.FeatureWrapper)[pri:0, instance:step_definitions.TestRunner@72035809]" started-at="2023-07-06T06:43:33 IST" name="runScenario" description="Runs Cucumber Scenarios" data-provider="scenarios" finished-at="2023-07-06T06:43:55 IST" duration-ms="21688" status="PASS">
          <params>
            <param index="0">
              <value>
                <![CDATA["Validate Registering an Account by providing only the Mandatory fields."]]>
              </value>
            </param>
            <param index="1">
              <value>
                <![CDATA["Feature to test Register Functionality"]]>
              </value>
            </param>
          </params>
          <reporter-output>
          </reporter-output>
        </test-method> <!-- runScenario -->
        <test-method is-config="true" signature="tearDownClass()[pri:0, instance:step_definitions.TestRunner@72035809]" started-at="2023-07-06T06:43:55 IST" name="tearDownClass" finished-at="2023-07-06T06:43:55 IST" duration-ms="486" status="PASS">
          <reporter-output>
          </reporter-output>
        </test-method> <!-- tearDownClass -->
      </class> <!-- step_definitions.TestRunner -->
    </test> <!-- Default test -->
  </suite> <!-- Default suite -->
</testng-results>
